<?xml version="1.0" encoding="UTF-8"?>
<!-- Generated by org.testng.reporters.JUnitReportReporter -->
<testsuite hostname="RP-INTUNE-LYhyd" failures="0" tests="3" name="com.bartelldrugs.qa.testcases.HomePageTest" time="28.910" errors="0" timestamp="2021-05-25T22:54:06 EDT" skipped="1">
  <testcase classname="com.bartelldrugs.qa.testcases.HomePageTest" name="verifyWelcomeUserTest" time="15.870"/>
  <system-out/>
  <testcase classname="com.bartelldrugs.qa.testcases.HomePageTest" name="homePageTitleTest" time="13.040"/>
  <system-out/>
  <testcase classname="com.bartelldrugs.qa.testcases.HomePageTest" name="validateAddNewPerson">
    <skipped/>
  </testcase> <!-- validateAddNewPerson -->
  <system-out/>
</testsuite> <!-- com.bartelldrugs.qa.testcases.HomePageTest -->
